Build started 11/7/2014 8:41:41 AM.
     1>Project "C:\Users\pholt_000\Documents\HOBL\HOBL\CS370_Project\CS370_Project.vcxproj" on node 2 (Build target(s)).
     1>C:\Program Files (x86)\MSBuild\Microsoft.Cpp\v4.0\V120\Microsoft.CppBuild.targets(381,5): warning MSB8028: The intermediate directory (Debug\) contains files shared from another project (CS370_Project.vcxproj).  This can lead to incorrect clean and rebuild behavior.
     1>ClCompile:
         C:\Program Files (x86)\Microsoft Visual Studio 12.0\VC\bin\CL.exe /c /ZI /nologo /W3 /WX- /Od /Oy- /D WIN32 /D _DEBUG /D _CONSOLE /D _LIB /D _UNICODE /D UNICODE /Gm /EHsc /RTC1 /MDd /GS /fp:precise /Zc:wchar_t /Zc:forScope /Fo"Debug\\" /Fd"Debug\vc120.pdb" /Gd /TP /analyze- /errorReport:prompt house.cpp
         house.cpp
     1>c:\users\pholt_000\documents\hobl\hobl\cs370_project\materials.h(27): warning C4305: 'initializing' : truncation from 'double' to 'GLfloat'
     1>c:\users\pholt_000\documents\hobl\hobl\cs370_project\materials.h(90): warning C4305: 'initializing' : truncation from 'double' to 'GLfloat'
     1>c:\users\pholt_000\documents\hobl\hobl\cs370_project\shaderutils.h(20): warning C4996: 'open': The POSIX name for this item is deprecated. Instead, use the ISO C++ conformant name: _open. See online help for details.
                 c:\program files (x86)\microsoft visual studio 12.0\vc\include\io.h(336) : see declaration of 'open'
     1>c:\users\pholt_000\documents\hobl\hobl\cs370_project\shaderutils.h(23): warning C4996: 'lseek': The POSIX name for this item is deprecated. Instead, use the ISO C++ conformant name: _lseek. See online help for details.
                 c:\program files (x86)\microsoft visual studio 12.0\vc\include\io.h(334) : see declaration of 'lseek'
     1>c:\users\pholt_000\documents\hobl\hobl\cs370_project\shaderutils.h(24): warning C4996: 'close': The POSIX name for this item is deprecated. Instead, use the ISO C++ conformant name: _close. See online help for details.
                 c:\program files (x86)\microsoft visual studio 12.0\vc\include\io.h(326) : see declaration of 'close'
     1>c:\users\pholt_000\documents\hobl\hobl\cs370_project\shaderutils.h(43): warning C4996: 'fopen': This function or variable may be unsafe. Consider using fopen_s instead. To disable deprecation, use _CRT_SECURE_NO_WARNINGS. See online help for details.
                 c:\program files (x86)\microsoft visual studio 12.0\vc\include\stdio.h(211) : see declaration of 'fopen'
     1>c:\users\pholt_000\documents\hobl\hobl\cs370_project\house.cpp(555): warning C4244: '=' : conversion from 'int' to 'GLfloat', possible loss of data
     1>c:\users\pholt_000\documents\hobl\hobl\cs370_project\house.cpp(556): warning C4244: '=' : conversion from 'int' to 'GLfloat', possible loss of data
     1>c:\users\pholt_000\documents\hobl\hobl\cs370_project\house.cpp(566): warning C4244: '=' : conversion from 'int' to 'GLfloat', possible loss of data
     1>c:\users\pholt_000\documents\hobl\hobl\cs370_project\house.cpp(584): warning C4996: 'sprintf': This function or variable may be unsafe. Consider using sprintf_s instead. To disable deprecation, use _CRT_SECURE_NO_WARNINGS. See online help for details.
                 c:\program files (x86)\microsoft visual studio 12.0\vc\include\stdio.h(356) : see declaration of 'sprintf'
     1>c:\users\pholt_000\documents\hobl\hobl\cs370_project\house.cpp(2760): warning C4305: 'argument' : truncation from 'double' to 'GLfloat'
       Link:
         C:\Program Files (x86)\Microsoft Visual Studio 12.0\VC\bin\link.exe /ERRORREPORT:PROMPT /OUT:"C:\Users\pholt_000\Documents\HOBL\HOBL\Debug\HOBL.exe" /INCREMENTAL /NOLOGO kernel32.lib user32.lib gdi32.lib winspool.lib comdlg32.lib advapi32.lib shell32.lib ole32.lib oleaut32.lib uuid.lib odbc32.lib odbccp32.lib /MANIFEST /MANIFESTUAC:"level='asInvoker' uiAccess='false'" /manifest:embed /DEBUG /PDB:"C:\Users\pholt_000\Documents\HOBL\HOBL\Debug\HOBL.pdb" /SUBSYSTEM:CONSOLE /TLBID:1 /DYNAMICBASE /NXCOMPAT /IMPLIB:"C:\Users\pholt_000\Documents\HOBL\HOBL\Debug\HOBL.lib" /MACHINE:X86 glew32.lib SOIL.lib Debug\house.obj
         CS370_Project.vcxproj -> C:\Users\pholt_000\Documents\HOBL\HOBL\Debug\HOBL.exe
     1>Done Building Project "C:\Users\pholt_000\Documents\HOBL\HOBL\CS370_Project\CS370_Project.vcxproj" (Build target(s)).

Build succeeded.

Time Elapsed 00:00:00.73
